<?xml version="1.0" encoding="UTF-8"?>
<testsuite xmlns:xsi="http://www.w3.org/2001/XMLSchema-instance" xsi:noNamespaceSchemaLocation="https://maven.apache.org/surefire/maven-surefire-plugin/xsd/surefire-test-report-3.0.xsd" version="3.0" name="example.store.StoreTest" time="0.621" tests="3" errors="0" skipped="0" failures="0">
  <properties>
[...]
</properties>
  <testcase name="givenANotValidCustomerBalance_whenBuy_thenThrowException" classname="example.store.StoreTest" time="0.614"/>
  <testcase name="givenANotValidProductQuantity_whenBuy_thenThrowException" classname="example.store.StoreTest" time="0.002"/>
  <testcase name="givenValidProductAndCustomer_whenBuy_thenSucceed" classname="example.store.StoreTest" time="0.002"/>
</testsuite>